<?xml version="1.0" encoding="UTF-8"?>
<testsuite name="Regression"
           tests="2"
           failures="2"
           errors="0"
           skipped="0"
           time="6.267">
  <properties />
            <testcase name="cardcreationandvalidation" time="0.385" classname="api.automation.test.CreateandValidateCard">
                <failure type="javax.net.ssl.SSLException"
                  message="Certificate for &lt;api.trello.com&gt; doesn&apos;t match any of the subject alternative names: [*.services.atlassian.com, services.atlassian.com]"
              >
<![CDATA[javax.net.ssl.SSLException: Certificate for <api.trello.com> doesn't match any of the subject alternative names: [*.services.atlassian.com, services.atlassian.com]
  org.apache.http.conn.ssl.AbstractVerifier.verify(AbstractVerifier.java:165)
  org.apache.http.conn.ssl.BrowserCompatHostnameVerifier.verify(BrowserCompatHostnameVerifier.java:61)
  org.apache.http.conn.ssl.AbstractVerifier.verify(AbstractVerifier.java:141)
  org.apache.http.conn.ssl.AbstractVerifier.verify(AbstractVerifier.java:114)
  org.apache.http.conn.ssl.SSLSocketFactory.verifyHostname(SSLSocketFactory.java:580)
  org.apache.http.conn.ssl.SSLSocketFactory.connectSocket(SSLSocketFactory.java:554)
  org.apache.http.conn.ssl.SSLSocketFactory.connectSocket(SSLSocketFactory.java:412)
  org.apache.http.impl.conn.DefaultClientConnectionOperator.openConnection(DefaultClientConnectionOperator.java:179)
  org.apache.http.impl.conn.ManagedClientConnectionImpl.open(ManagedClientConnectionImpl.java:328)
  org.apache.http.impl.client.DefaultRequestDirector.tryConnect(DefaultRequestDirector.java:612)
  org.apache.http.impl.client.DefaultRequestDirector.execute(DefaultRequestDirector.java:447)
  org.apache.http.impl.client.AbstractHttpClient.doExecute(AbstractHttpClient.java:884)
  org.apache.http.impl.client.CloseableHttpClient.execute(CloseableHttpClient.java:82)
  org.apache.http.impl.client.CloseableHttpClient.execute(CloseableHttpClient.java:55)
  org.apache.http.client.HttpClient$execute$0.call(Unknown Source)
  io.restassured.internal.RequestSpecificationImpl$RestAssuredHttpBuilder.doRequest(RequestSpecificationImpl.groovy:2055)
  io.restassured.internal.http.HTTPBuilder.doRequest(HTTPBuilder.java:494)
  io.restassured.internal.http.HTTPBuilder.request(HTTPBuilder.java:451)
  io.restassured.internal.http.HTTPBuilder$request$2.call(Unknown Source)
  io.restassured.internal.RequestSpecificationImpl.sendHttpRequest(RequestSpecificationImpl.groovy:1450)
  sun.reflect.NativeMethodAccessorImpl.invoke0(Native Method)
  sun.reflect.NativeMethodAccessorImpl.invoke(NativeMethodAccessorImpl.java:62)
  sun.reflect.DelegatingMethodAccessorImpl.invoke(DelegatingMethodAccessorImpl.java:43)
  java.lang.reflect.Method.invoke(Method.java:498)
  org.codehaus.groovy.reflection.CachedMethod.invoke(CachedMethod.java:107)
  groovy.lang.MetaMethod.doMethodInvoke(MetaMethod.java:323)
  groovy.lang.MetaClassImpl.invokeMethod(MetaClassImpl.java:1262)
  groovy.lang.MetaClassImpl.invokeMethod(MetaClassImpl.java:1029)
  groovy.lang.MetaClassImpl.invokeMethod(MetaClassImpl.java:816)
  io.restassured.internal.RequestSpecificationImpl.invokeMethod(RequestSpecificationImpl.groovy)
  org.codehaus.groovy.runtime.callsite.PogoInterceptableSite.call(PogoInterceptableSite.java:45)
  org.codehaus.groovy.runtime.callsite.PogoInterceptableSite.callCurrent(PogoInterceptableSite.java:55)
  io.restassured.internal.RequestSpecificationImpl.sendRequest(RequestSpecificationImpl.groovy:1199)
  sun.reflect.NativeMethodAccessorImpl.invoke0(Native Method)
  sun.reflect.NativeMethodAccessorImpl.invoke(NativeMethodAccessorImpl.java:62)
  sun.reflect.DelegatingMethodAccessorImpl.invoke(DelegatingMethodAccessorImpl.java:43)
  java.lang.reflect.Method.invoke(Method.java:498)
  org.codehaus.groovy.reflection.CachedMethod.invoke(CachedMethod.java:107)
  groovy.lang.MetaMethod.doMethodInvoke(MetaMethod.java:323)
  groovy.lang.MetaClassImpl.invokeMethod(MetaClassImpl.java:1262)
  groovy.lang.MetaClassImpl.invokeMethod(MetaClassImpl.java:1029)
  groovy.lang.MetaClassImpl.invokeMethod(MetaClassImpl.java:816)
  io.restassured.internal.RequestSpecificationImpl.invokeMethod(RequestSpecificationImpl.groovy)
  org.codehaus.groovy.runtime.callsite.PogoInterceptableSite.call(PogoInterceptableSite.java:45)
  org.codehaus.groovy.runtime.callsite.AbstractCallSite.call(AbstractCallSite.java:166)
  io.restassured.internal.filter.SendRequestFilter.filter(SendRequestFilter.groovy:30)
  io.restassured.filter.Filter$filter$0.call(Unknown Source)
  org.codehaus.groovy.runtime.callsite.CallSiteArray.defaultCall(CallSiteArray.java:47)
  io.restassured.filter.Filter$filter.call(Unknown Source)
  io.restassured.internal.filter.FilterContextImpl.next(FilterContextImpl.groovy:72)
  io.restassured.filter.time.TimingFilter.filter(TimingFilter.java:56)
  io.restassured.filter.Filter$filter.call(Unknown Source)
  org.codehaus.groovy.runtime.callsite.CallSiteArray.defaultCall(CallSiteArray.java:47)
  io.restassured.filter.Filter$filter.call(Unknown Source)
  io.restassured.internal.filter.FilterContextImpl.next(FilterContextImpl.groovy:72)
  io.restassured.filter.log.RequestLoggingFilter.filter(RequestLoggingFilter.java:122)
  io.restassured.filter.Filter$filter.call(Unknown Source)
  org.codehaus.groovy.runtime.callsite.CallSiteArray.defaultCall(CallSiteArray.java:47)
  io.restassured.filter.Filter$filter$0.call(Unknown Source)
  io.restassured.internal.filter.FilterContextImpl.next(FilterContextImpl.groovy:72)
  io.restassured.filter.FilterContext$next.call(Unknown Source)
  io.restassured.internal.RequestSpecificationImpl.applyPathParamsAndSendRequest(RequestSpecificationImpl.groovy:1655)
  sun.reflect.NativeMethodAccessorImpl.invoke0(Native Method)
  sun.reflect.NativeMethodAccessorImpl.invoke(NativeMethodAccessorImpl.java:62)
  sun.reflect.DelegatingMethodAccessorImpl.invoke(DelegatingMethodAccessorImpl.java:43)
  java.lang.reflect.Method.invoke(Method.java:498)
  org.codehaus.groovy.reflection.CachedMethod.invoke(CachedMethod.java:107)
  groovy.lang.MetaMethod.doMethodInvoke(MetaMethod.java:323)
  groovy.lang.MetaClassImpl.invokeMethod(MetaClassImpl.java:1262)
  groovy.lang.MetaClassImpl.invokeMethod(MetaClassImpl.java:1029)
  groovy.lang.MetaClassImpl.invokeMethod(MetaClassImpl.java:816)
  io.restassured.internal.RequestSpecificationImpl.invokeMethod(RequestSpecificationImpl.groovy)
  org.codehaus.groovy.runtime.callsite.PogoInterceptableSite.call(PogoInterceptableSite.java:45)
  org.codehaus.groovy.runtime.callsite.PogoInterceptableSite.callCurrent(PogoInterceptableSite.java:55)
  org.codehaus.groovy.runtime.callsite.AbstractCallSite.callCurrent(AbstractCallSite.java:203)
  io.restassured.internal.RequestSpecificationImpl.applyPathParamsAndSendRequest(RequestSpecificationImpl.groovy:1661)
  sun.reflect.NativeMethodAccessorImpl.invoke0(Native Method)
  sun.reflect.NativeMethodAccessorImpl.invoke(NativeMethodAccessorImpl.java:62)
  sun.reflect.DelegatingMethodAccessorImpl.invoke(DelegatingMethodAccessorImpl.java:43)
  java.lang.reflect.Method.invoke(Method.java:498)
  org.codehaus.groovy.reflection.CachedMethod.invoke(CachedMethod.java:107)
  groovy.lang.MetaMethod.doMethodInvoke(MetaMethod.java:323)
  groovy.lang.MetaClassImpl.invokeMethod(MetaClassImpl.java:1262)
  groovy.lang.MetaClassImpl.invokeMethod(MetaClassImpl.java:1029)
  groovy.lang.MetaClassImpl.invokeMethod(MetaClassImpl.java:816)
  io.restassured.internal.RequestSpecificationImpl.invokeMethod(RequestSpecificationImpl.groovy)
  org.codehaus.groovy.runtime.callsite.PogoInterceptableSite.call(PogoInterceptableSite.java:45)
  org.codehaus.groovy.runtime.callsite.PogoInterceptableSite.callCurrent(PogoInterceptableSite.java:55)
  org.codehaus.groovy.runtime.callsite.AbstractCallSite.callCurrent(AbstractCallSite.java:203)
  io.restassured.internal.RequestSpecificationImpl.get(RequestSpecificationImpl.groovy:171)
  io.restassured.internal.RequestSpecificationImpl.get(RequestSpecificationImpl.groovy)
  api.automation.test.CreateandValidateCard.cardcreationandvalidation(CreateandValidateCard.java:59)
  sun.reflect.NativeMethodAccessorImpl.invoke0(Native Method)
  sun.reflect.NativeMethodAccessorImpl.invoke(NativeMethodAccessorImpl.java:62)
  sun.reflect.DelegatingMethodAccessorImpl.invoke(DelegatingMethodAccessorImpl.java:43)
  java.lang.reflect.Method.invoke(Method.java:498)
  org.testng.internal.MethodInvocationHelper.invokeMethod(MethodInvocationHelper.java:133)
  org.testng.internal.TestInvoker.invokeMethod(TestInvoker.java:598)
  org.testng.internal.TestInvoker.invokeTestMethod(TestInvoker.java:173)
  org.testng.internal.MethodRunner.runInSequence(MethodRunner.java:46)
  org.testng.internal.TestInvoker$MethodInvocationAgent.invoke(TestInvoker.java:824)
  org.testng.internal.TestInvoker.invokeTestMethods(TestInvoker.java:146)
  org.testng.internal.TestMethodWorker.invokeTestMethods(TestMethodWorker.java:146)
  org.testng.internal.TestMethodWorker.run(TestMethodWorker.java:128)
  java.util.ArrayList.forEach(ArrayList.java:1249)
  org.testng.TestRunner.privateRun(TestRunner.java:794)
  org.testng.TestRunner.run(TestRunner.java:596)
  org.testng.SuiteRunner.runTest(SuiteRunner.java:377)
  org.testng.SuiteRunner.runSequentially(SuiteRunner.java:371)
  org.testng.SuiteRunner.privateRun(SuiteRunner.java:332)
  org.testng.SuiteRunner.run(SuiteRunner.java:276)
  org.testng.SuiteRunnerWorker.runSuite(SuiteRunnerWorker.java:53)
  org.testng.SuiteRunnerWorker.run(SuiteRunnerWorker.java:96)
  org.testng.TestNG.runSuitesSequentially(TestNG.java:1212)
  org.testng.TestNG.runSuitesLocally(TestNG.java:1134)
  org.testng.TestNG.runSuites(TestNG.java:1063)
  org.testng.TestNG.run(TestNG.java:1031)
  org.testng.IDEARemoteTestNG.run(IDEARemoteTestNG.java:72)
  org.testng.RemoteTestNGStarter.main(RemoteTestNGStarter.java:127)
  sun.reflect.NativeMethodAccessorImpl.invoke0(Native Method)
  sun.reflect.NativeMethodAccessorImpl.invoke(NativeMethodAccessorImpl.java:62)
  sun.reflect.DelegatingMethodAccessorImpl.invoke(DelegatingMethodAccessorImpl.java:43)
  java.lang.reflect.Method.invoke(Method.java:498)
  com.intellij.rt.execution.application.AppMain.main(AppMain.java:147)
]]>
      </failure>

          </testcase>
            <testcase name="cardcreationandvalidation" time="5.882" classname="api.automation.test.CreateandValidateCard">
                <failure type="javax.net.ssl.SSLException"
                  message="Certificate for &lt;api.trello.com&gt; doesn&apos;t match any of the subject alternative names: [*.services.atlassian.com, services.atlassian.com]"
              >
<![CDATA[javax.net.ssl.SSLException: Certificate for <api.trello.com> doesn't match any of the subject alternative names: [*.services.atlassian.com, services.atlassian.com]
  org.apache.http.conn.ssl.AbstractVerifier.verify(AbstractVerifier.java:165)
  org.apache.http.conn.ssl.BrowserCompatHostnameVerifier.verify(BrowserCompatHostnameVerifier.java:61)
  org.apache.http.conn.ssl.AbstractVerifier.verify(AbstractVerifier.java:141)
  org.apache.http.conn.ssl.AbstractVerifier.verify(AbstractVerifier.java:114)
  org.apache.http.conn.ssl.SSLSocketFactory.verifyHostname(SSLSocketFactory.java:580)
  org.apache.http.conn.ssl.SSLSocketFactory.connectSocket(SSLSocketFactory.java:554)
  org.apache.http.conn.ssl.SSLSocketFactory.connectSocket(SSLSocketFactory.java:412)
  org.apache.http.impl.conn.DefaultClientConnectionOperator.openConnection(DefaultClientConnectionOperator.java:179)
  org.apache.http.impl.conn.ManagedClientConnectionImpl.open(ManagedClientConnectionImpl.java:328)
  org.apache.http.impl.client.DefaultRequestDirector.tryConnect(DefaultRequestDirector.java:612)
  org.apache.http.impl.client.DefaultRequestDirector.execute(DefaultRequestDirector.java:447)
  org.apache.http.impl.client.AbstractHttpClient.doExecute(AbstractHttpClient.java:884)
  org.apache.http.impl.client.CloseableHttpClient.execute(CloseableHttpClient.java:82)
  org.apache.http.impl.client.CloseableHttpClient.execute(CloseableHttpClient.java:55)
  org.apache.http.client.HttpClient$execute$0.call(Unknown Source)
  org.codehaus.groovy.runtime.callsite.CallSiteArray.defaultCall(CallSiteArray.java:47)
  org.codehaus.groovy.runtime.callsite.AbstractCallSite.call(AbstractCallSite.java:125)
  org.codehaus.groovy.runtime.callsite.AbstractCallSite.call(AbstractCallSite.java:148)
  io.restassured.internal.RequestSpecificationImpl$RestAssuredHttpBuilder.doRequest(RequestSpecificationImpl.groovy:2055)
  io.restassured.internal.http.HTTPBuilder.doRequest(HTTPBuilder.java:494)
  io.restassured.internal.http.HTTPBuilder.request(HTTPBuilder.java:451)
  io.restassured.internal.http.HTTPBuilder$request$2.call(Unknown Source)
  org.codehaus.groovy.runtime.callsite.CallSiteArray.defaultCall(CallSiteArray.java:47)
  org.codehaus.groovy.runtime.callsite.AbstractCallSite.call(AbstractCallSite.java:125)
  org.codehaus.groovy.runtime.callsite.AbstractCallSite.call(AbstractCallSite.java:166)
  io.restassured.internal.RequestSpecificationImpl.sendHttpRequest(RequestSpecificationImpl.groovy:1450)
  sun.reflect.NativeMethodAccessorImpl.invoke0(Native Method)
  sun.reflect.NativeMethodAccessorImpl.invoke(NativeMethodAccessorImpl.java:62)
  sun.reflect.DelegatingMethodAccessorImpl.invoke(DelegatingMethodAccessorImpl.java:43)
  java.lang.reflect.Method.invoke(Method.java:498)
  org.codehaus.groovy.reflection.CachedMethod.invoke(CachedMethod.java:107)
  groovy.lang.MetaMethod.doMethodInvoke(MetaMethod.java:323)
  groovy.lang.MetaClassImpl.invokeMethod(MetaClassImpl.java:1262)
  groovy.lang.MetaClassImpl.invokeMethod(MetaClassImpl.java:1029)
  groovy.lang.MetaClassImpl.invokeMethod(MetaClassImpl.java:816)
  io.restassured.internal.RequestSpecificationImpl.invokeMethod(RequestSpecificationImpl.groovy)
  org.codehaus.groovy.runtime.callsite.PogoInterceptableSite.call(PogoInterceptableSite.java:45)
  org.codehaus.groovy.runtime.callsite.PogoInterceptableSite.callCurrent(PogoInterceptableSite.java:55)
  org.codehaus.groovy.runtime.callsite.CallSiteArray.defaultCallCurrent(CallSiteArray.java:51)
  org.codehaus.groovy.runtime.callsite.AbstractCallSite.callCurrent(AbstractCallSite.java:171)
  io.restassured.internal.RequestSpecificationImpl.sendRequest(RequestSpecificationImpl.groovy:1199)
  sun.reflect.NativeMethodAccessorImpl.invoke0(Native Method)
  sun.reflect.NativeMethodAccessorImpl.invoke(NativeMethodAccessorImpl.java:62)
  sun.reflect.DelegatingMethodAccessorImpl.invoke(DelegatingMethodAccessorImpl.java:43)
  java.lang.reflect.Method.invoke(Method.java:498)
  org.codehaus.groovy.reflection.CachedMethod.invoke(CachedMethod.java:107)
  groovy.lang.MetaMethod.doMethodInvoke(MetaMethod.java:323)
  groovy.lang.MetaClassImpl.invokeMethod(MetaClassImpl.java:1262)
  groovy.lang.MetaClassImpl.invokeMethod(MetaClassImpl.java:1029)
  groovy.lang.MetaClassImpl.invokeMethod(MetaClassImpl.java:816)
  io.restassured.internal.RequestSpecificationImpl.invokeMethod(RequestSpecificationImpl.groovy)
  org.codehaus.groovy.runtime.callsite.PogoInterceptableSite.call(PogoInterceptableSite.java:45)
  org.codehaus.groovy.runtime.callsite.CallSiteArray.defaultCall(CallSiteArray.java:47)
  org.codehaus.groovy.runtime.callsite.AbstractCallSite.call(AbstractCallSite.java:125)
  org.codehaus.groovy.runtime.callsite.AbstractCallSite.call(AbstractCallSite.java:166)
  io.restassured.internal.filter.SendRequestFilter.filter(SendRequestFilter.groovy:30)
  io.restassured.filter.Filter$filter$0.call(Unknown Source)
  org.codehaus.groovy.runtime.callsite.CallSiteArray.defaultCall(CallSiteArray.java:47)
  io.restassured.filter.Filter$filter.call(Unknown Source)
  io.restassured.internal.filter.FilterContextImpl.next(FilterContextImpl.groovy:72)
  io.restassured.filter.time.TimingFilter.filter(TimingFilter.java:56)
  io.restassured.filter.Filter$filter.call(Unknown Source)
  org.codehaus.groovy.runtime.callsite.CallSiteArray.defaultCall(CallSiteArray.java:47)
  io.restassured.filter.Filter$filter.call(Unknown Source)
  io.restassured.internal.filter.FilterContextImpl.next(FilterContextImpl.groovy:72)
  io.restassured.filter.log.RequestLoggingFilter.filter(RequestLoggingFilter.java:122)
  io.restassured.filter.Filter$filter.call(Unknown Source)
  org.codehaus.groovy.runtime.callsite.CallSiteArray.defaultCall(CallSiteArray.java:47)
  org.codehaus.groovy.runtime.callsite.AbstractCallSite.call(AbstractCallSite.java:125)
  org.codehaus.groovy.runtime.callsite.AbstractCallSite.call(AbstractCallSite.java:157)
  io.restassured.internal.filter.FilterContextImpl.next(FilterContextImpl.groovy:72)
  io.restassured.filter.FilterContext$next.call(Unknown Source)
  org.codehaus.groovy.runtime.callsite.CallSiteArray.defaultCall(CallSiteArray.java:47)
  org.codehaus.groovy.runtime.callsite.AbstractCallSite.call(AbstractCallSite.java:125)
  org.codehaus.groovy.runtime.callsite.AbstractCallSite.call(AbstractCallSite.java:148)
  io.restassured.internal.RequestSpecificationImpl.applyPathParamsAndSendRequest(RequestSpecificationImpl.groovy:1655)
  sun.reflect.NativeMethodAccessorImpl.invoke0(Native Method)
  sun.reflect.NativeMethodAccessorImpl.invoke(NativeMethodAccessorImpl.java:62)
  sun.reflect.DelegatingMethodAccessorImpl.invoke(DelegatingMethodAccessorImpl.java:43)
  java.lang.reflect.Method.invoke(Method.java:498)
  org.codehaus.groovy.reflection.CachedMethod.invoke(CachedMethod.java:107)
  groovy.lang.MetaMethod.doMethodInvoke(MetaMethod.java:323)
  groovy.lang.MetaClassImpl.invokeMethod(MetaClassImpl.java:1262)
  groovy.lang.MetaClassImpl.invokeMethod(MetaClassImpl.java:1029)
  groovy.lang.MetaClassImpl.invokeMethod(MetaClassImpl.java:816)
  io.restassured.internal.RequestSpecificationImpl.invokeMethod(RequestSpecificationImpl.groovy)
  org.codehaus.groovy.runtime.callsite.PogoInterceptableSite.call(PogoInterceptableSite.java:45)
  org.codehaus.groovy.runtime.callsite.PogoInterceptableSite.callCurrent(PogoInterceptableSite.java:55)
  org.codehaus.groovy.runtime.callsite.CallSiteArray.defaultCallCurrent(CallSiteArray.java:51)
  org.codehaus.groovy.runtime.callsite.AbstractCallSite.callCurrent(AbstractCallSite.java:171)
  org.codehaus.groovy.runtime.callsite.AbstractCallSite.callCurrent(AbstractCallSite.java:203)
  io.restassured.internal.RequestSpecificationImpl.applyPathParamsAndSendRequest(RequestSpecificationImpl.groovy:1661)
  sun.reflect.NativeMethodAccessorImpl.invoke0(Native Method)
  sun.reflect.NativeMethodAccessorImpl.invoke(NativeMethodAccessorImpl.java:62)
  sun.reflect.DelegatingMethodAccessorImpl.invoke(DelegatingMethodAccessorImpl.java:43)
  java.lang.reflect.Method.invoke(Method.java:498)
  org.codehaus.groovy.reflection.CachedMethod.invoke(CachedMethod.java:107)
  groovy.lang.MetaMethod.doMethodInvoke(MetaMethod.java:323)
  groovy.lang.MetaClassImpl.invokeMethod(MetaClassImpl.java:1262)
  groovy.lang.MetaClassImpl.invokeMethod(MetaClassImpl.java:1029)
  groovy.lang.MetaClassImpl.invokeMethod(MetaClassImpl.java:816)
  io.restassured.internal.RequestSpecificationImpl.invokeMethod(RequestSpecificationImpl.groovy)
  org.codehaus.groovy.runtime.callsite.PogoInterceptableSite.call(PogoInterceptableSite.java:45)
  org.codehaus.groovy.runtime.callsite.PogoInterceptableSite.callCurrent(PogoInterceptableSite.java:55)
  org.codehaus.groovy.runtime.callsite.CallSiteArray.defaultCallCurrent(CallSiteArray.java:51)
  org.codehaus.groovy.runtime.callsite.AbstractCallSite.callCurrent(AbstractCallSite.java:171)
  org.codehaus.groovy.runtime.callsite.AbstractCallSite.callCurrent(AbstractCallSite.java:203)
  io.restassured.internal.RequestSpecificationImpl.get(RequestSpecificationImpl.groovy:171)
  io.restassured.internal.RequestSpecificationImpl.get(RequestSpecificationImpl.groovy)
  api.automation.test.CreateandValidateCard.cardcreationandvalidation(CreateandValidateCard.java:59)
  sun.reflect.NativeMethodAccessorImpl.invoke0(Native Method)
  sun.reflect.NativeMethodAccessorImpl.invoke(NativeMethodAccessorImpl.java:62)
  sun.reflect.DelegatingMethodAccessorImpl.invoke(DelegatingMethodAccessorImpl.java:43)
  java.lang.reflect.Method.invoke(Method.java:498)
  org.testng.internal.MethodInvocationHelper.invokeMethod(MethodInvocationHelper.java:133)
  org.testng.internal.TestInvoker.invokeMethod(TestInvoker.java:598)
  org.testng.internal.TestInvoker.invokeTestMethod(TestInvoker.java:173)
  org.testng.internal.MethodRunner.runInSequence(MethodRunner.java:46)
  org.testng.internal.TestInvoker$MethodInvocationAgent.invoke(TestInvoker.java:824)
  org.testng.internal.TestInvoker.invokeTestMethods(TestInvoker.java:146)
  org.testng.internal.TestMethodWorker.invokeTestMethods(TestMethodWorker.java:146)
  org.testng.internal.TestMethodWorker.run(TestMethodWorker.java:128)
  java.util.ArrayList.forEach(ArrayList.java:1249)
  org.testng.TestRunner.privateRun(TestRunner.java:794)
  org.testng.TestRunner.run(TestRunner.java:596)
  org.testng.SuiteRunner.runTest(SuiteRunner.java:377)
  org.testng.SuiteRunner.runSequentially(SuiteRunner.java:371)
  org.testng.SuiteRunner.privateRun(SuiteRunner.java:332)
  org.testng.SuiteRunner.run(SuiteRunner.java:276)
  org.testng.SuiteRunnerWorker.runSuite(SuiteRunnerWorker.java:53)
  org.testng.SuiteRunnerWorker.run(SuiteRunnerWorker.java:96)
  org.testng.TestNG.runSuitesSequentially(TestNG.java:1212)
  org.testng.TestNG.runSuitesLocally(TestNG.java:1134)
  org.testng.TestNG.runSuites(TestNG.java:1063)
  org.testng.TestNG.run(TestNG.java:1031)
  org.testng.IDEARemoteTestNG.run(IDEARemoteTestNG.java:72)
  org.testng.RemoteTestNGStarter.main(RemoteTestNGStarter.java:127)
  sun.reflect.NativeMethodAccessorImpl.invoke0(Native Method)
  sun.reflect.NativeMethodAccessorImpl.invoke(NativeMethodAccessorImpl.java:62)
  sun.reflect.DelegatingMethodAccessorImpl.invoke(DelegatingMethodAccessorImpl.java:43)
  java.lang.reflect.Method.invoke(Method.java:498)
  com.intellij.rt.execution.application.AppMain.main(AppMain.java:147)
]]>
      </failure>

          </testcase>
  
  
  
</testsuite>
