<?xml version="1.0" encoding="UTF-8"?>
<testng-results ignored="0" total="1" passed="0" failed="1" skipped="0">
  <reporter-output>
  </reporter-output>
  <suite started-at="2021-03-27T18:15:12 IST" name="Default suite" finished-at="2021-03-27T18:15:34 IST" duration-ms="21684">
    <groups>
    </groups>
    <test started-at="2021-03-27T18:15:12 IST" name="Default test" finished-at="2021-03-27T18:15:34 IST" duration-ms="21684">
      <class name="ui.automation.test.FuctionalTestcase">
        <test-method is-config="true" signature="openbrows()[pri:0, instance:ui.automation.test.FuctionalTestcase@355ce81c]" started-at="2021-03-27T18:15:12 IST" name="openbrows" finished-at="2021-03-27T18:15:27 IST" duration-ms="14143" status="PASS">
          <reporter-output>
          </reporter-output>
        </test-method> <!-- openbrows -->
        <test-method signature="Test(java.lang.String, java.lang.String, java.lang.String)[pri:0, instance:ui.automation.test.FuctionalTestcase@355ce81c]" started-at="2021-03-27T18:15:28 IST" name="Test" data-provider="hybridData" finished-at="2021-03-27T18:15:34 IST" duration-ms="6146" status="FAIL">
          <params>
            <param index="0">
              <value>
                <![CDATA[akshay85pokley@gmail.com]]>
              </value>
            </param>
            <param index="1">
              <value>
                <![CDATA[Akshay]]>
              </value>
            </param>
            <param index="2">
              <value>
                <![CDATA[AkshayPokley]]>
              </value>
            </param>
          </params>
          <exception class="java.lang.NullPointerException">
            <message>
              <![CDATA[Cannot invoke "org.openqa.selenium.SearchContext.findElement(org.openqa.selenium.By)" because "this.searchContext" is null]]>
            </message>
            <full-stacktrace>
              <![CDATA[java.lang.NullPointerException: Cannot invoke "org.openqa.selenium.SearchContext.findElement(org.openqa.selenium.By)" because "this.searchContext" is null
at org.openqa.selenium.support.pagefactory.DefaultElementLocator.findElement(DefaultElementLocator.java:69)
at org.openqa.selenium.support.pagefactory.internal.LocatingElementHandler.invoke(LocatingElementHandler.java:38)
at com.sun.proxy.$Proxy12.isDisplayed(Unknown Source)
at ui.automation.pages.LogSignUp.<init>(LogSignUp.java:33)
at ui.automation.test.FuctionalTestcase.Test(FuctionalTestcase.java:32)
at java.base/jdk.internal.reflect.NativeMethodAccessorImpl.invoke0(Native Method)
at java.base/jdk.internal.reflect.NativeMethodAccessorImpl.invoke(NativeMethodAccessorImpl.java:64)
at java.base/jdk.internal.reflect.DelegatingMethodAccessorImpl.invoke(DelegatingMethodAccessorImpl.java:43)
at java.base/java.lang.reflect.Method.invoke(Method.java:564)
at org.testng.internal.MethodInvocationHelper.invokeMethod(MethodInvocationHelper.java:132)
at org.testng.internal.TestInvoker.invokeMethod(TestInvoker.java:599)
at org.testng.internal.TestInvoker.invokeTestMethod(TestInvoker.java:174)
at org.testng.internal.MethodRunner.runInSequence(MethodRunner.java:46)
at org.testng.internal.TestInvoker$MethodInvocationAgent.invoke(TestInvoker.java:822)
at org.testng.internal.TestInvoker.invokeTestMethods(TestInvoker.java:147)
at org.testng.internal.TestMethodWorker.invokeTestMethods(TestMethodWorker.java:146)
at org.testng.internal.TestMethodWorker.run(TestMethodWorker.java:128)
at java.base/java.util.ArrayList.forEach(ArrayList.java:1511)
at org.testng.TestRunner.privateRun(TestRunner.java:764)
at org.testng.TestRunner.run(TestRunner.java:585)
at org.testng.SuiteRunner.runTest(SuiteRunner.java:384)
at org.testng.SuiteRunner.runSequentially(SuiteRunner.java:378)
at org.testng.SuiteRunner.privateRun(SuiteRunner.java:337)
at org.testng.SuiteRunner.run(SuiteRunner.java:286)
at org.testng.SuiteRunnerWorker.runSuite(SuiteRunnerWorker.java:53)
at org.testng.SuiteRunnerWorker.run(SuiteRunnerWorker.java:96)
at org.testng.TestNG.runSuitesSequentially(TestNG.java:1218)
at org.testng.TestNG.runSuitesLocally(TestNG.java:1140)
at org.testng.TestNG.runSuites(TestNG.java:1069)
at org.testng.TestNG.run(TestNG.java:1037)
at org.testng.remote.AbstractRemoteTestNG.run(AbstractRemoteTestNG.java:115)
at org.testng.remote.RemoteTestNG.initAndRun(RemoteTestNG.java:251)
at org.testng.remote.RemoteTestNG.main(RemoteTestNG.java:77)
]]>
            </full-stacktrace>
          </exception> <!-- java.lang.NullPointerException -->
          <reporter-output>
          </reporter-output>
        </test-method> <!-- Test -->
      </class> <!-- ui.automation.test.FuctionalTestcase -->
    </test> <!-- Default test -->
  </suite> <!-- Default suite -->
</testng-results>
